Rescan: 156 Medien ohne Scan-Ergebnis gefunden.
Rescan Media ID 1: I:/Bilder/00000-1301767583-no clothes.png
Media ID 1: Datei nicht gefunden: I:/Bilder/00000-1301767583-no clothes.png
Rescan Media ID 2: I:/Bilder/00001-2388513267-no clothes.png
Media ID 2: Datei nicht gefunden: I:/Bilder/00001-2388513267-no clothes.png
Rescan Media ID 3: I:/Bilder/00002-1380749607-no clothes.png
Media ID 3: Datei nicht gefunden: I:/Bilder/00002-1380749607-no clothes.png
Rescan Media ID 4: I:/Bilder/00003-1380749608-no clothes.png
Media ID 4: Datei nicht gefunden: I:/Bilder/00003-1380749608-no clothes.png
Rescan Media ID 5: I:/Bilder/00004-1774804198-no clothes, big tits.png
Media ID 5: Datei nicht gefunden: I:/Bilder/00004-1774804198-no clothes, big tits.png
Rescan Media ID 6: I:/Bilder/00005-1774804199-no clothes, big tits.png
Media ID 6: Datei nicht gefunden: I:/Bilder/00005-1774804199-no clothes, big tits.png
Rescan Media ID 7: I:/Bilder/00006-4181606879-no clothes, big tits,slap ass.png
Media ID 7: Datei nicht gefunden: I:/Bilder/00006-4181606879-no clothes, big tits,slap ass.png
Rescan Media ID 8: I:/Bilder/00007-4181606880-no clothes, big tits,slap ass.png
Media ID 8: Datei nicht gefunden: I:/Bilder/00007-4181606880-no clothes, big tits,slap ass.png
Rescan Media ID 9: I:/Bilder/00008-1836025662-no clothes, big tits,slap ass, smile bitch.png
Media ID 9: Datei nicht gefunden: I:/Bilder/00008-1836025662-no clothes, big tits,slap ass, smile bitch.png
Rescan Media ID 10: I:/Bilder/00009-1836025663-no clothes, big tits,slap ass, smile bitch.png
Media ID 10: Datei nicht gefunden: I:/Bilder/00009-1836025663-no clothes, big tits,slap ass, smile bitch.png
Rescan Media ID 11: I:/Bilder/00010-2669380487-no clothes,tits,slap ass, smile bitch.png
Media ID 11: Datei nicht gefunden: I:/Bilder/00010-2669380487-no clothes,tits,slap ass, smile bitch.png
Rescan Media ID 12: I:/Bilder/00011-2669380488-no clothes,tits,slap ass, smile bitch.png
Media ID 12: Datei nicht gefunden: I:/Bilder/00011-2669380488-no clothes,tits,slap ass, smile bitch.png
Rescan Media ID 13: I:/Bilder/00012-2207352109-no clothes,tits,slap ass, smile bitch.png
Media ID 13: Datei nicht gefunden: I:/Bilder/00012-2207352109-no clothes,tits,slap ass, smile bitch.png
Rescan Media ID 14: I:/Bilder/00013-2207352110-no clothes,tits,slap ass, smile bitch.png
Media ID 14: Datei nicht gefunden: I:/Bilder/00013-2207352110-no clothes,tits,slap ass, smile bitch.png
Rescan Media ID 15: I:/Bilder/00014-2565098994-no clothes,tits,slap ass, smile bitch.png
Media ID 15: Datei nicht gefunden: I:/Bilder/00014-2565098994-no clothes,tits,slap ass, smile bitch.png
Rescan Media ID 16: I:/Bilder/00015-2565098995-no clothes,tits,slap ass, smile bitch.png
Media ID 16: Datei nicht gefunden: I:/Bilder/00015-2565098995-no clothes,tits,slap ass, smile bitch.png
Rescan Media ID 17: I:/Bilder/00016-2565098996-no clothes,tits,slap ass, smile bitch.png
Media ID 17: Datei nicht gefunden: I:/Bilder/00016-2565098996-no clothes,tits,slap ass, smile bitch.png
Rescan Media ID 18: I:/Bilder/00017-2565098997-no clothes,tits,slap ass, smile bitch.png
Media ID 18: Datei nicht gefunden: I:/Bilder/00017-2565098997-no clothes,tits,slap ass, smile bitch.png
Rescan Media ID 19: I:/Bilder/00018-359791830-no clothes,tits,slap ass, lust face.png
Media ID 19: Datei nicht gefunden: I:/Bilder/00018-359791830-no clothes,tits,slap ass, lust face.png
Rescan Media ID 20: I:/Bilder/00019-359791831-no clothes,tits,slap ass, lust face.png
Media ID 20: Datei nicht gefunden: I:/Bilder/00019-359791831-no clothes,tits,slap ass, lust face.png
Rescan Media ID 21: I:/Bilder/00020-359791832-no clothes,tits,slap ass, lust face.png
Media ID 21: Datei nicht gefunden: I:/Bilder/00020-359791832-no clothes,tits,slap ass, lust face.png
Rescan Media ID 22: I:/Bilder/00021-359791833-no clothes,tits,slap ass, lust face.png
Media ID 22: Datei nicht gefunden: I:/Bilder/00021-359791833-no clothes,tits,slap ass, lust face.png
Rescan Media ID 23: I:/Bilder/00022-2776077910-no clothes,tits,touch ass, shame face,.png
Media ID 23: Datei nicht gefunden: I:/Bilder/00022-2776077910-no clothes,tits,touch ass, shame face,.png
Rescan Media ID 24: I:/Bilder/00023-2776077911-no clothes,tits,touch ass, shame face,.png
Media ID 24: Datei nicht gefunden: I:/Bilder/00023-2776077911-no clothes,tits,touch ass, shame face,.png
Rescan Media ID 25: I:/Bilder/00024-2776077912-no clothes,tits,touch ass, shame face,.png
Media ID 25: Datei nicht gefunden: I:/Bilder/00024-2776077912-no clothes,tits,touch ass, shame face,.png
Rescan Media ID 26: I:/Bilder/00025-2776077913-no clothes,tits,touch ass, shame face,.png
Media ID 26: Datei nicht gefunden: I:/Bilder/00025-2776077913-no clothes,tits,touch ass, shame face,.png
Rescan Media ID 27: I:/Bilder/00026-531016693-no clothes,tits,touch ass, shame face, pink shiny clothes.png
Media ID 27: Datei nicht gefunden: I:/Bilder/00026-531016693-no clothes,tits,touch ass, shame face, pink shiny clothes.png
Rescan Media ID 28: I:/Bilder/00027-531016694-no clothes,tits,touch ass, shame face, pink shiny clothes.png
Media ID 28: Datei nicht gefunden: I:/Bilder/00027-531016694-no clothes,tits,touch ass, shame face, pink shiny clothes.png
Rescan Media ID 29: I:/Bilder/00028-531016695-no clothes,tits,touch ass, shame face, pink shiny clothes.png
Media ID 29: Datei nicht gefunden: I:/Bilder/00028-531016695-no clothes,tits,touch ass, shame face, pink shiny clothes.png
Rescan Media ID 30: I:/Bilder/00029-531016696-no clothes,tits,touch ass, shame face, pink shiny clothes.png
Media ID 30: Datei nicht gefunden: I:/Bilder/00029-531016696-no clothes,tits,touch ass, shame face, pink shiny clothes.png
Rescan Media ID 31: I:/Bilder/00030-44421351-no clothes,tits,touch ass, shame face, pink shiny clothes,brown hair, gentle face but horny.png
Media ID 31: Datei nicht gefunden: I:/Bilder/00030-44421351-no clothes,tits,touch ass, shame face, pink shiny clothes,brown hair, gentle face but horny.png
Rescan Media ID 32: I:/Bilder/00031-44421352-no clothes,tits,touch ass, shame face, pink shiny clothes,brown hair, gentle face but horny.png
Media ID 32: Datei nicht gefunden: I:/Bilder/00031-44421352-no clothes,tits,touch ass, shame face, pink shiny clothes,brown hair, gentle face but horny.png
Rescan Media ID 33: I:/Bilder/00032-44421353-no clothes,tits,touch ass, shame face, pink shiny clothes,brown hair, gentle face but horny.png
Media ID 33: Datei nicht gefunden: I:/Bilder/00032-44421353-no clothes,tits,touch ass, shame face, pink shiny clothes,brown hair, gentle face but horny.png
Rescan Media ID 34: I:/Bilder/00033-44421354-no clothes,tits,touch ass, shame face, pink shiny clothes,brown hair, gentle face but horny.png
Media ID 34: Datei nicht gefunden: I:/Bilder/00033-44421354-no clothes,tits,touch ass, shame face, pink shiny clothes,brown hair, gentle face but horny.png
Rescan Media ID 35: I:/Bilder/00034-3603555760-no clothes,tits,touch ass, shame face, pink shiny clothes,white strained hair, gentle face but horny.png
Media ID 35: Datei nicht gefunden: I:/Bilder/00034-3603555760-no clothes,tits,touch ass, shame face, pink shiny clothes,white strained hair, gentle face but horny.png
Rescan Media ID 36: I:/Bilder/00035-3603555761-no clothes,tits,touch ass, shame face, pink shiny clothes,white strained hair, gentle face but horny.png
Media ID 36: Datei nicht gefunden: I:/Bilder/00035-3603555761-no clothes,tits,touch ass, shame face, pink shiny clothes,white strained hair, gentle face but horny.png
Rescan Media ID 37: I:/Bilder/00036-3603555762-no clothes,tits,touch ass, shame face, pink shiny clothes,white strained hair, gentle face but horny.png
Media ID 37: Datei nicht gefunden: I:/Bilder/00036-3603555762-no clothes,tits,touch ass, shame face, pink shiny clothes,white strained hair, gentle face but horny.png
Rescan Media ID 38: I:/Bilder/00037-3603555763-no clothes,tits,touch ass, shame face, pink shiny clothes,white strained hair, gentle face but horny.png
Media ID 38: Datei nicht gefunden: I:/Bilder/00037-3603555763-no clothes,tits,touch ass, shame face, pink shiny clothes,white strained hair, gentle face but horny.png
Rescan Media ID 39: I:/Bilder/00038-2627354251-SDXL_FP16_waiNSFWIllustrious_v120-DPM++ 2M-Karras-20.png
Media ID 39: Datei nicht gefunden: I:/Bilder/00038-2627354251-SDXL_FP16_waiNSFWIllustrious_v120-DPM++ 2M-Karras-20.png
Rescan Media ID 40: I:/Bilder/00039-2513803802-SDXL_FP16_waiNSFWIllustrious_v120-DPM++ 2M-Karras-20.png
Media ID 40: Datei nicht gefunden: I:/Bilder/00039-2513803802-SDXL_FP16_waiNSFWIllustrious_v120-DPM++ 2M-Karras-20.png
Rescan Media ID 41: I:/Bilder/00040-2770205463-SDXL_FP16_waiNSFWIllustrious_v120-DPM++ 2M-Karras-20.png
Media ID 41: Datei nicht gefunden: I:/Bilder/00040-2770205463-SDXL_FP16_waiNSFWIllustrious_v120-DPM++ 2M-Karras-20.png
Rescan Media ID 42: I:/Bilder/00041-430117291-SDXL_FP16_waiNSFWIllustrious_v120-DPM++ 2M-Karras-20.png
Media ID 42: Datei nicht gefunden: I:/Bilder/00041-430117291-SDXL_FP16_waiNSFWIllustrious_v120-DPM++ 2M-Karras-20.png
Rescan Media ID 43: I:/Bilder/00042-1697541982-SDXL_FP16_waiNSFWIllustrious_v120-DPM++ 2M-Karras-20.png
Media ID 43: Datei nicht gefunden: I:/Bilder/00042-1697541982-SDXL_FP16_waiNSFWIllustrious_v120-DPM++ 2M-Karras-20.png
Rescan Media ID 44: I:/Bilder/00043-1697541982-SDXL_FP16_waiNSFWIllustrious_v120-DPM++ 3M SDE-Exponential-20.png
Media ID 44: Datei nicht gefunden: I:/Bilder/00043-1697541982-SDXL_FP16_waiNSFWIllustrious_v120-DPM++ 3M SDE-Exponential-20.png
Rescan Media ID 45: I:/Bilder/00044-1697541982-SDXL_FP16_waiNSFWIllustrious_v120-DPM++ 3M SDE-Exponential-20.png
Media ID 45: Datei nicht gefunden: I:/Bilder/00044-1697541982-SDXL_FP16_waiNSFWIllustrious_v120-DPM++ 3M SDE-Exponential-20.png
Rescan Media ID 46: I:/Bilder/00045-1697541982-SDXL_FP16_waiNSFWIllustrious_v120-DPM++ 3M SDE-Exponential-20.png
Media ID 46: Rescan OK (has_nsfw=0, rating=1)
Rescan Media ID 47: I:/Bilder/00046-1697541982-SDXL_FP16_waiNSFWIllustrious_v120-DPM++ 3M SDE-Exponential-20.png
Media ID 47: Rescan OK (has_nsfw=0, rating=1)
Rescan Media ID 48: I:/Bilder/00047-1697541982-SDXL_FP16_waiNSFWIllustrious_v120-DPM++ 3M SDE-Exponential-20.png
Media ID 48: Rescan OK (has_nsfw=0, rating=1)
Rescan Media ID 49: I:/Bilder/00048-1697541982-SDXL_FP16_waiNSFWIllustrious_v120-DPM++ 3M SDE-Exponential-20.png
Media ID 49: Datei nicht gefunden: I:/Bilder/00048-1697541982-SDXL_FP16_waiNSFWIllustrious_v120-DPM++ 3M SDE-Exponential-20.png
Rescan Media ID 50: I:/Bilder/00049-1697541982-SDXL_FP16_waiNSFWIllustrious_v120-DPM++ 3M SDE-Exponential-20.png
Media ID 50: Datei nicht gefunden: I:/Bilder/00049-1697541982-SDXL_FP16_waiNSFWIllustrious_v120-DPM++ 3M SDE-Exponential-20.png
Rescan Media ID 51: I:/Bilder/00050-1697541982-SDXL_FP16_waiNSFWIllustrious_v120-DPM++ 3M SDE-Exponential-20.png
Media ID 51: Datei nicht gefunden: I:/Bilder/00050-1697541982-SDXL_FP16_waiNSFWIllustrious_v120-DPM++ 3M SDE-Exponential-20.png
Rescan Media ID 52: I:/Bilder/00051-1697541982-SDXL_FP16_waiNSFWIllustrious_v120-DPM++ 3M SDE-Exponential-20.png
Media ID 52: Datei nicht gefunden: I:/Bilder/00051-1697541982-SDXL_FP16_waiNSFWIllustrious_v120-DPM++ 3M SDE-Exponential-20.png
Rescan Media ID 53: I:/Bilder/00052-1697541982-SDXL_FP16_waiNSFWIllustrious_v120-DPM++ 3M SDE-Exponential-20.png
Media ID 53: Datei nicht gefunden: I:/Bilder/00052-1697541982-SDXL_FP16_waiNSFWIllustrious_v120-DPM++ 3M SDE-Exponential-20.png
Rescan Media ID 54: I:/Bilder/00053-1697541982-SDXL_FP16_waiNSFWIllustrious_v120-DPM++ 3M SDE-Exponential-20.png
Media ID 54: Datei nicht gefunden: I:/Bilder/00053-1697541982-SDXL_FP16_waiNSFWIllustrious_v120-DPM++ 3M SDE-Exponential-20.png
Rescan Media ID 55: I:/Bilder/00054-1138918680-SDXL_FP16_waiNSFWIllustrious_v120-DPM++ 3M SDE-Exponential-20.png
Media ID 55: Datei nicht gefunden: I:/Bilder/00054-1138918680-SDXL_FP16_waiNSFWIllustrious_v120-DPM++ 3M SDE-Exponential-20.png
Rescan Media ID 56: I:/Bilder/00055-1471821232-SDXL_FP16_waiNSFWIllustrious_v120-DPM++ 3M SDE-Exponential-20.png
Media ID 56: Datei nicht gefunden: I:/Bilder/00055-1471821232-SDXL_FP16_waiNSFWIllustrious_v120-DPM++ 3M SDE-Exponential-20.png
Rescan Media ID 57: I:/Bilder/00056-3487939377-SDXL_FP16_waiNSFWIllustrious_v120-DPM++ 3M SDE-Exponential-20.png
Media ID 57: Datei nicht gefunden: I:/Bilder/00056-3487939377-SDXL_FP16_waiNSFWIllustrious_v120-DPM++ 3M SDE-Exponential-20.png
Rescan Media ID 58: I:/Bilder/00057-1811360099-SDXL_FP16_waiNSFWIllustrious_v120-DPM++ 3M SDE-Exponential-20.png
Media ID 58: Datei nicht gefunden: I:/Bilder/00057-1811360099-SDXL_FP16_waiNSFWIllustrious_v120-DPM++ 3M SDE-Exponential-20.png
Rescan Media ID 59: I:/Bilder/00058-1811360100-SDXL_FP16_waiNSFWIllustrious_v120-DPM++ 3M SDE-Exponential-20.png
Media ID 59: Datei nicht gefunden: I:/Bilder/00058-1811360100-SDXL_FP16_waiNSFWIllustrious_v120-DPM++ 3M SDE-Exponential-20.png
Rescan Media ID 60: I:/Bilder/00059-1811360101-SDXL_FP16_waiNSFWIllustrious_v120-DPM++ 3M SDE-Exponential-20.png
Media ID 60: Datei nicht gefunden: I:/Bilder/00059-1811360101-SDXL_FP16_waiNSFWIllustrious_v120-DPM++ 3M SDE-Exponential-20.png
Rescan Media ID 61: I:/Bilder/00060-1811360102-SDXL_FP16_waiNSFWIllustrious_v120-DPM++ 3M SDE-Exponential-20.png
Media ID 61: Datei nicht gefunden: I:/Bilder/00060-1811360102-SDXL_FP16_waiNSFWIllustrious_v120-DPM++ 3M SDE-Exponential-20.png
Rescan Media ID 62: I:/Bilder/00061-2118072619-SDXL_FP16_waiNSFWIllustrious_v120-DPM++ 3M SDE-Exponential-20.png
Media ID 62: Datei nicht gefunden: I:/Bilder/00061-2118072619-SDXL_FP16_waiNSFWIllustrious_v120-DPM++ 3M SDE-Exponential-20.png
Rescan Media ID 63: I:/Bilder/00062-2118072620-SDXL_FP16_waiNSFWIllustrious_v120-DPM++ 3M SDE-Exponential-20.png
Media ID 63: Datei nicht gefunden: I:/Bilder/00062-2118072620-SDXL_FP16_waiNSFWIllustrious_v120-DPM++ 3M SDE-Exponential-20.png
Rescan Media ID 64: I:/Bilder/00063-2118072621-SDXL_FP16_waiNSFWIllustrious_v120-DPM++ 3M SDE-Exponential-20.png
Media ID 64: Datei nicht gefunden: I:/Bilder/00063-2118072621-SDXL_FP16_waiNSFWIllustrious_v120-DPM++ 3M SDE-Exponential-20.png
Rescan Media ID 65: I:/Bilder/00064-2118072622-SDXL_FP16_waiNSFWIllustrious_v120-DPM++ 3M SDE-Exponential-20.png
Media ID 65: Datei nicht gefunden: I:/Bilder/00064-2118072622-SDXL_FP16_waiNSFWIllustrious_v120-DPM++ 3M SDE-Exponential-20.png
Rescan Media ID 66: I:/Bilder/00065-944768471-SDXL_FP16_waiNSFWIllustrious_v120-DPM++ 3M SDE-Exponential-20.png
Media ID 66: Datei nicht gefunden: I:/Bilder/00065-944768471-SDXL_FP16_waiNSFWIllustrious_v120-DPM++ 3M SDE-Exponential-20.png
Rescan Media ID 67: I:/Bilder/00066-944768472-SDXL_FP16_waiNSFWIllustrious_v120-DPM++ 3M SDE-Exponential-20.png
Media ID 67: Datei nicht gefunden: I:/Bilder/00066-944768472-SDXL_FP16_waiNSFWIllustrious_v120-DPM++ 3M SDE-Exponential-20.png
Rescan Media ID 68: I:/Bilder/00067-944768473-SDXL_FP16_waiNSFWIllustrious_v120-DPM++ 3M SDE-Exponential-20.png
Media ID 68: Datei nicht gefunden: I:/Bilder/00067-944768473-SDXL_FP16_waiNSFWIllustrious_v120-DPM++ 3M SDE-Exponential-20.png
Rescan Media ID 69: I:/Bilder/00068-944768474-SDXL_FP16_waiNSFWIllustrious_v120-DPM++ 3M SDE-Exponential-20.png
Media ID 69: Datei nicht gefunden: I:/Bilder/00068-944768474-SDXL_FP16_waiNSFWIllustrious_v120-DPM++ 3M SDE-Exponential-20.png
Rescan Media ID 70: I:/Bilder/00069-1274472607-SDXL_FP16_waiNSFWIllustrious_v120-DPM++ 3M SDE-Exponential-20.png
Media ID 70: Datei nicht gefunden: I:/Bilder/00069-1274472607-SDXL_FP16_waiNSFWIllustrious_v120-DPM++ 3M SDE-Exponential-20.png
Rescan Media ID 71: I:/Bilder/00070-1274472608-SDXL_FP16_waiNSFWIllustrious_v120-DPM++ 3M SDE-Exponential-20.png
Media ID 71: Datei nicht gefunden: I:/Bilder/00070-1274472608-SDXL_FP16_waiNSFWIllustrious_v120-DPM++ 3M SDE-Exponential-20.png
Rescan Media ID 72: I:/Bilder/00071-1274472609-SDXL_FP16_waiNSFWIllustrious_v120-DPM++ 3M SDE-Exponential-20.png
Media ID 72: Datei nicht gefunden: I:/Bilder/00071-1274472609-SDXL_FP16_waiNSFWIllustrious_v120-DPM++ 3M SDE-Exponential-20.png
Rescan Media ID 73: I:/Bilder/00072-1274472610-SDXL_FP16_waiNSFWIllustrious_v120-DPM++ 3M SDE-Exponential-20.png
Media ID 73: Datei nicht gefunden: I:/Bilder/00072-1274472610-SDXL_FP16_waiNSFWIllustrious_v120-DPM++ 3M SDE-Exponential-20.png
Rescan Media ID 74: I:/Bilder/00073-292704122-SDXL_FP16_waiNSFWIllustrious_v120-DPM++ 3M SDE-Exponential-20.png
Media ID 74: Datei nicht gefunden: I:/Bilder/00073-292704122-SDXL_FP16_waiNSFWIllustrious_v120-DPM++ 3M SDE-Exponential-20.png
Rescan Media ID 75: I:/Bilder/00074-292704123-SDXL_FP16_waiNSFWIllustrious_v120-DPM++ 3M SDE-Exponential-20.png
Media ID 75: Datei nicht gefunden: I:/Bilder/00074-292704123-SDXL_FP16_waiNSFWIllustrious_v120-DPM++ 3M SDE-Exponential-20.png
Rescan Media ID 76: I:/Bilder/00075-292704124-SDXL_FP16_waiNSFWIllustrious_v120-DPM++ 3M SDE-Exponential-20.png
Media ID 76: Datei nicht gefunden: I:/Bilder/00075-292704124-SDXL_FP16_waiNSFWIllustrious_v120-DPM++ 3M SDE-Exponential-20.png
Rescan Media ID 77: I:/Bilder/00076-292704125-SDXL_FP16_waiNSFWIllustrious_v120-DPM++ 3M SDE-Exponential-20.png
Media ID 77: Datei nicht gefunden: I:/Bilder/00076-292704125-SDXL_FP16_waiNSFWIllustrious_v120-DPM++ 3M SDE-Exponential-20.png
Rescan Media ID 78: I:/Bilder/00077-1182102736-SDXL_FP16_waiNSFWIllustrious_v120-DPM++ 3M SDE-Exponential-20.png
Media ID 78: Datei nicht gefunden: I:/Bilder/00077-1182102736-SDXL_FP16_waiNSFWIllustrious_v120-DPM++ 3M SDE-Exponential-20.png
Rescan Media ID 79: I:/Bilder/00078-1182102737-SDXL_FP16_waiNSFWIllustrious_v120-DPM++ 3M SDE-Exponential-20.png
Media ID 79: Rescan OK (has_nsfw=0, rating=1)
Rescan Media ID 80: I:/Bilder/00079-3947788615-SDXL_FP16_waiNSFWIllustrious_v120-DPM++ 3M SDE-Exponential-20.png
Media ID 80: Datei nicht gefunden: I:/Bilder/00079-3947788615-SDXL_FP16_waiNSFWIllustrious_v120-DPM++ 3M SDE-Exponential-20.png
Rescan Media ID 81: I:/Bilder/00080-3947788616-SDXL_FP16_waiNSFWIllustrious_v120-DPM++ 3M SDE-Exponential-20.png
Media ID 81: Datei nicht gefunden: I:/Bilder/00080-3947788616-SDXL_FP16_waiNSFWIllustrious_v120-DPM++ 3M SDE-Exponential-20.png
Rescan Media ID 82: I:/Bilder/00081-2335044705-SDXL_FP16_waiNSFWIllustrious_v120-DPM++ 2M-Karras-20.png
Media ID 82: Rescan OK (has_nsfw=0, rating=1)
Rescan Media ID 83: I:/Bilder/00082-1719314008-SDXL_FP16_VXP-XLHyper_v22-DPM++ 2M-Karras-20.jpg
Media ID 83: Rescan OK (has_nsfw=0, rating=1)
Rescan Media ID 84: I:/Bilder/00082-1719314008-SDXL_FP16_VXP-XLHyper_v22-DPM++ 2M-Karras-20.png
Media ID 84: Rescan OK (has_nsfw=0, rating=1)
Rescan Media ID 85: I:/Bilder/00083-4178984925-SDXL_FP16_VXP-XLHyper_v22-DPM++ 2M-Karras-20.jpg
Media ID 85: Datei nicht gefunden: I:/Bilder/00083-4178984925-SDXL_FP16_VXP-XLHyper_v22-DPM++ 2M-Karras-20.jpg
Rescan Media ID 86: I:/Bilder/00083-4178984925-SDXL_FP16_VXP-XLHyper_v22-DPM++ 2M-Karras-20.png
Scanner HTTP-Status 413 für Datei I:/Bilder/00083-4178984925-SDXL_FP16_VXP-XLHyper_v22-DPM++ 2M-Karras-20.png
Media ID 86: Scanner fehlgeschlagen.
Rescan Media ID 87: I:/Bilder/00084-2459748940-SDXL_FP16_VXP-XLHyper_v22-DPM++ 2M-Karras-20.png
Media ID 87: Rescan OK (has_nsfw=0, rating=1)
Rescan Media ID 88: I:/Bilder/00085-3750881800-SDXL_FP16_VXP-XLHyper_v22-DPM++ 2M-Karras-20.png
Media ID 88: Rescan OK (has_nsfw=0, rating=1)
Rescan Media ID 89: I:/Bilder/00086-4087952808-SDXL_FP16_VXP-XLHyper_v22-DPM++ 2M-Karras-20.png
Media ID 89: Datei nicht gefunden: I:/Bilder/00086-4087952808-SDXL_FP16_VXP-XLHyper_v22-DPM++ 2M-Karras-20.png
Rescan Media ID 90: I:/Bilder/00087-1904837928-SDXL_FP16_VXP-XLHyper_v22-DPM++ 2M-Karras-20.png
Media ID 90: Datei nicht gefunden: I:/Bilder/00087-1904837928-SDXL_FP16_VXP-XLHyper_v22-DPM++ 2M-Karras-20.png
Rescan Media ID 91: I:/Bilder/00088-921896931-SDXL_FP16_VXP-XLHyper_v22-DPM++ 2M-Karras-20.png
Media ID 91: Datei nicht gefunden: I:/Bilder/00088-921896931-SDXL_FP16_VXP-XLHyper_v22-DPM++ 2M-Karras-20.png
Rescan Media ID 92: I:/Bilder/00089-358114399-SDXL_FP16_VXP-XLHyper_v22-DPM++ 2M-Karras-20.png
Media ID 92: Datei nicht gefunden: I:/Bilder/00089-358114399-SDXL_FP16_VXP-XLHyper_v22-DPM++ 2M-Karras-20.png
Rescan Media ID 93: I:/Bilder/00090-515715758-SDXL_FP16_VXP-XLHyper_v22-DPM++ 2M-Karras-20.png
Media ID 93: Datei nicht gefunden: I:/Bilder/00090-515715758-SDXL_FP16_VXP-XLHyper_v22-DPM++ 2M-Karras-20.png
Rescan Media ID 94: I:/Bilder/00091-1225182293-SDXL_FP16_VXP-XLHyper_v22-DPM++ 2M-Karras-59.png
Media ID 94: Datei nicht gefunden: I:/Bilder/00091-1225182293-SDXL_FP16_VXP-XLHyper_v22-DPM++ 2M-Karras-59.png
Rescan Media ID 95: I:/Bilder/00092-2914118513-SDXL_FP16_VXP-XLHyper_v22-DPM++ 2M-Karras-59.png
Media ID 95: Datei nicht gefunden: I:/Bilder/00092-2914118513-SDXL_FP16_VXP-XLHyper_v22-DPM++ 2M-Karras-59.png
Rescan Media ID 96: I:/Bilder/00093-2686494690-SDXL_FP16_VXP-XLHyper_v22-DPM++ 2M-Karras-59.png
Media ID 96: Datei nicht gefunden: I:/Bilder/00093-2686494690-SDXL_FP16_VXP-XLHyper_v22-DPM++ 2M-Karras-59.png
Rescan Media ID 97: I:/Bilder/00094-2625567544-SDXL_FP16_VXP-XLHyper_v22-DPM++ 2M-Karras-59.png
Media ID 97: Rescan OK (has_nsfw=0, rating=1)
Rescan Media ID 98: I:/Bilder/00095-2835766418-SDXL_FP16_VXP-XLHyper_v22-DPM++ 2M-Karras-59.png
Media ID 98: Rescan OK (has_nsfw=0, rating=1)
Rescan Media ID 99: I:/Bilder/00096-851611841-SDXL_FP16_VXP-XLHyper_v22-DPM++ 2M-Karras-59.png
Media ID 99: Rescan OK (has_nsfw=0, rating=1)
Rescan Media ID 100: I:/Bilder/00097-1318479566-SDXL_FP16_VXP-XLHyper_v22-DPM++ 2M-Karras-59.png
Media ID 100: Datei nicht gefunden: I:/Bilder/00097-1318479566-SDXL_FP16_VXP-XLHyper_v22-DPM++ 2M-Karras-59.png
Rescan Media ID 101: I:/Bilder/00098-3947643792-SDXL_FP16_VXP-XLHyper_v22-DPM++ 2M-Karras-59.png
Media ID 101: Datei nicht gefunden: I:/Bilder/00098-3947643792-SDXL_FP16_VXP-XLHyper_v22-DPM++ 2M-Karras-59.png
Rescan Media ID 102: I:/Bilder/00099-141515752-SDXL_FP16_VXP-XLHyper_v22-DPM++ 2M-Karras-59.png
Media ID 102: Datei nicht gefunden: I:/Bilder/00099-141515752-SDXL_FP16_VXP-XLHyper_v22-DPM++ 2M-Karras-59.png
Rescan Media ID 103: I:/Bilder/00100-51632350-SDXL_FP16_VXP-XLHyper_v22-DPM++ 2M-Karras-59.png
Media ID 103: Datei nicht gefunden: I:/Bilder/00100-51632350-SDXL_FP16_VXP-XLHyper_v22-DPM++ 2M-Karras-59.png
Rescan Media ID 104: I:/Bilder/00101-1616427386-SDXL_FP16_VXP-XLHyper_v22-DPM++ 2M-Karras-59.png
Media ID 104: Datei nicht gefunden: I:/Bilder/00101-1616427386-SDXL_FP16_VXP-XLHyper_v22-DPM++ 2M-Karras-59.png
Rescan Media ID 105: I:/Bilder/00102-816003029-SDXL_FP16_VXP-XLHyper_v22-Euler a-Automatic-20.png
Media ID 105: Rescan OK (has_nsfw=0, rating=1)
Rescan Media ID 106: I:/Bilder/00103-3485450654-SDXL_FP16_VXP-XLHyper_v22-Euler a-Automatic-20.png
Media ID 106: Rescan OK (has_nsfw=0, rating=1)
Rescan Media ID 107: I:/Bilder/00104-549605292-SDXL_FP16_VXP-XLHyper_v22-Euler a-Automatic-20.png
Media ID 107: Rescan OK (has_nsfw=0, rating=1)
Rescan Media ID 108: I:/Bilder/00105-1898905216-SDXL_FP16_VXP-XLHyper_v22-Euler a-Automatic-20.png
Media ID 108: Rescan OK (has_nsfw=0, rating=1)
Rescan Media ID 109: I:/Bilder/00106-3613955034-SDXL_FP16_VXP-XLHyper_v22-Euler a-Automatic-20.png
Media ID 109: Rescan OK (has_nsfw=0, rating=1)
Rescan Media ID 110: I:/Bilder/00107-617898494-SDXL_FP16_VXP-XLHyper_v22-Euler a-Automatic-20.png
Media ID 110: Rescan OK (has_nsfw=0, rating=1)
Rescan Media ID 111: I:/Bilder/00108-2009818004-SDXL_FP16_VXP-XLHyper_v22-Euler a-Automatic-20.png
Media ID 111: Rescan OK (has_nsfw=0, rating=1)
Rescan Media ID 112: I:/Bilder/00109-3319596815-SDXL_FP16_VXP-XLHyper_v22-Euler a-Automatic-20.png
Media ID 112: Rescan OK (has_nsfw=0, rating=1)
Rescan Media ID 113: I:/Bilder/00110-1770384305-SDXL_FP16_VXP-XLHyper_v22-Euler a-Automatic-40.png
Media ID 113: Rescan OK (has_nsfw=0, rating=1)
Rescan Media ID 114: I:/Bilder/00111-3905885099-SDXL_FP16_VXP-XLHyper_v22-Euler a-Automatic-40.png
Media ID 114: Rescan OK (has_nsfw=0, rating=1)
Rescan Media ID 115: I:/Bilder/00112-3878381836-SDXL_FP16_VXP-XLHyper_v22-Euler a-Automatic-40.png
Media ID 115: Rescan OK (has_nsfw=0, rating=1)
Rescan Media ID 116: I:/Bilder/00113-977416626-SDXL_FP16_VXP-XLHyper_v22-Euler a-Automatic-40.png
Media ID 116: Rescan OK (has_nsfw=0, rating=1)
Rescan Media ID 117: I:/Bilder/00114-1938197609-SDXL_FP16_VXP-XLHyper_v22-Euler a-Automatic-64.png
Media ID 117: Rescan OK (has_nsfw=0, rating=1)
Rescan Media ID 118: I:/Bilder/00115-2443628526-SDXL_FP16_VXP-XLHyper_v22-Euler a-Automatic-64.png
Media ID 118: Rescan OK (has_nsfw=0, rating=1)
Rescan Media ID 119: I:/Bilder/00116-1800846753-SDXL_FP16_VXP-XLHyper_v22-Euler a-Automatic-64.png
Media ID 119: Rescan OK (has_nsfw=0, rating=1)
Rescan Media ID 120: I:/Bilder/00117-3999244568-SDXL_FP16_VXP-XLHyper_v22-Euler a-Automatic-64.png
Media ID 120: Rescan OK (has_nsfw=0, rating=1)
Rescan Media ID 121: I:/Bilder/00118-3908308390-SDXL_FP16_VXP-XLHyper_v22-Euler a-Automatic-64.png
Media ID 121: Rescan OK (has_nsfw=0, rating=1)
Rescan Media ID 122: I:/Bilder/00119-3714884423-SDXL_FP16_VXP-XLHyper_v22-Euler a-Automatic-64.png
Media ID 122: Rescan OK (has_nsfw=0, rating=1)
Rescan Media ID 123: I:/Bilder/00120-328086446-SDXL_FP16_VXP-XLHyper_v22-Euler a-Automatic-64.png
Media ID 123: Rescan OK (has_nsfw=0, rating=1)
Rescan Media ID 124: I:/Bilder/00121-1865485017-SDXL_FP16_VXP-XLHyper_v22-Euler a-Automatic-64.png
Media ID 124: Rescan OK (has_nsfw=0, rating=1)
Rescan Media ID 125: I:/Bilder/00122-2871650253-SDXL_FP16_VXP-XLHyper_v22-Euler a-Automatic-64.png
Media ID 125: Rescan OK (has_nsfw=0, rating=1)
Rescan Media ID 126: I:/Bilder/00123-1159819404-SDXL_FP16_VXP-XLHyper_v22-Euler a-Automatic-64.png
Media ID 126: Rescan OK (has_nsfw=0, rating=1)
Rescan Media ID 127: I:/Bilder/00124-2467556630-SDXL_FP16_VXP-XLHyper_v22-Euler a-Automatic-64.png
Media ID 127: Rescan OK (has_nsfw=0, rating=1)
Rescan Media ID 128: I:/Bilder/00125-2718070068-SDXL_FP16_VXP-XLHyper_v22-Euler a-Automatic-64.png
Media ID 128: Rescan OK (has_nsfw=0, rating=1)
Rescan Media ID 129: I:/Bilder/00126-511930654-SDXL_FP16_VXP-XLHyper_v22-Euler a-Automatic-64.png
Media ID 129: Rescan OK (has_nsfw=0, rating=1)
Rescan Media ID 130: I:/Bilder/00127-1812225730-SDXL_FP16_VXP-XLHyper_v22-Euler a-Automatic-64.png
Media ID 130: Rescan OK (has_nsfw=0, rating=1)
Rescan Media ID 131: I:/Bilder/00128-1876837884-SDXL_FP16_VXP-XLHyper_v22-Euler a-Automatic-64.png
Media ID 131: Rescan OK (has_nsfw=0, rating=1)
Rescan Media ID 132: I:/Bilder/00129-206576506-SDXL_FP16_VXP-XLHyper_v22-Euler a-Automatic-64.png
Media ID 132: Rescan OK (has_nsfw=0, rating=1)
Rescan Media ID 133: I:/Bilder/00130-1655923601-SDXL_FP16_VXP-XLHyper_v22-Euler a-Automatic-64.png
Media ID 133: Rescan OK (has_nsfw=0, rating=1)
Rescan Media ID 134: I:/Bilder/00131-178829640-SDXL_FP16_VXP-XLHyper_v22-Euler a-Automatic-64.png
Media ID 134: Datei nicht gefunden: I:/Bilder/00131-178829640-SDXL_FP16_VXP-XLHyper_v22-Euler a-Automatic-64.png
Rescan Media ID 135: I:/Bilder/00132-1876689988-SDXL_FP16_VXP-XLHyper_v22-Euler a-Automatic-64.png
Media ID 135: Datei nicht gefunden: I:/Bilder/00132-1876689988-SDXL_FP16_VXP-XLHyper_v22-Euler a-Automatic-64.png
Rescan Media ID 136: I:/Bilder/00133-885289680-SDXL_FP16_VXP-XLHyper_v22-Euler a-Automatic-64.png
Media ID 136: Datei nicht gefunden: I:/Bilder/00133-885289680-SDXL_FP16_VXP-XLHyper_v22-Euler a-Automatic-64.png
Rescan Media ID 137: I:/Bilder/00134-1442446387-SDXL_FP16_VXP-XLHyper_v22-Euler a-Automatic-64.png
Media ID 137: Datei nicht gefunden: I:/Bilder/00134-1442446387-SDXL_FP16_VXP-XLHyper_v22-Euler a-Automatic-64.png
Rescan Media ID 138: I:/Bilder/00135-120210032-SDXL_FP16_VXP-XLHyper_v22-Euler a-Automatic-64.png
Media ID 138: Rescan OK (has_nsfw=0, rating=1)
Rescan Media ID 139: I:/Bilder/00136-3869579683-SDXL_FP16_VXP-XLHyper_v22-Euler a-Automatic-64.png
Media ID 139: Datei nicht gefunden: I:/Bilder/00136-3869579683-SDXL_FP16_VXP-XLHyper_v22-Euler a-Automatic-64.png
Rescan Media ID 140: I:/Bilder/00137-2247882656-SDXL_FP16_VXP-XLHyper_v22-Euler a-Automatic-64.png
Media ID 140: Datei nicht gefunden: I:/Bilder/00137-2247882656-SDXL_FP16_VXP-XLHyper_v22-Euler a-Automatic-64.png
Rescan Media ID 141: I:/Bilder/00138-974798638-SDXL_FP16_VXP-XLHyper_v22-Euler a-Automatic-20.png
Media ID 141: Rescan OK (has_nsfw=0, rating=1)
Rescan Media ID 142: I:/Bilder/00139-4209438421-SDXL_FP16_VXP-XLHyper_v22-Euler a-Automatic-80.png
Media ID 142: Rescan OK (has_nsfw=0, rating=1)
Rescan Media ID 143: I:/Bilder/00140-4002275279-SDXL_FP16_VXP-XLHyper_v22-Euler a-Automatic-80.png
Media ID 143: Rescan OK (has_nsfw=0, rating=1)
Rescan Media ID 144: I:/Bilder/00141-3238706605-SDXL_FP16_VXP-XLHyper_v22-Euler a-Automatic-80.png
Media ID 144: Rescan OK (has_nsfw=0, rating=1)
Rescan Media ID 145: I:/Bilder/00142-86062294-SDXL_FP16_VXP-XLHyper_v22-Euler a-Automatic-80.png
Media ID 145: Rescan OK (has_nsfw=0, rating=1)
Rescan Media ID 146: I:/Bilder/00143-2119760382-SDXL_FP16_VXP-XLHyper_v22-Euler a-Automatic-80.png
Media ID 146: Rescan OK (has_nsfw=0, rating=1)
Rescan Media ID 147: I:/Bilder/00144-750143013-SDXL_FP16_VXP-XLHyper_v22-Euler a-Automatic-80.png
Media ID 147: Rescan OK (has_nsfw=0, rating=1)
Rescan Media ID 148: I:/Bilder/00145-2124940107-SDXL_FP16_VXP-XLHyper_v22-Euler a-Automatic-80.png
Media ID 148: Rescan OK (has_nsfw=0, rating=1)
Rescan Media ID 149: I:/Bilder/00146-3120940217-SDXL_FP16_VXP-XLHyper_v22-Euler a-Automatic-80.png
Media ID 149: Rescan OK (has_nsfw=0, rating=1)
Rescan Media ID 150: I:/Bilder/00147-303247866-SDXL_FP16_VXP-XLHyper_v22-Euler a-Automatic-80.png
Media ID 150: Datei nicht gefunden: I:/Bilder/00147-303247866-SDXL_FP16_VXP-XLHyper_v22-Euler a-Automatic-80.png
Rescan Media ID 151: I:/Bilder/00148-1303077136-SDXL_FP16_VXP-XLHyper_v22-Euler a-Automatic-80.png
Media ID 151: Rescan OK (has_nsfw=0, rating=1)
Rescan Media ID 152: I:/Bilder/00149-2304209252-SDXL_FP16_VXP-XLHyper_v22-Euler a-Automatic-80.png
Media ID 152: Datei nicht gefunden: I:/Bilder/00149-2304209252-SDXL_FP16_VXP-XLHyper_v22-Euler a-Automatic-80.png
Rescan Media ID 153: I:/Bilder/00150-3916088644-SDXL_FP16_VXP-XLHyper_v22-Euler a-Automatic-80.png
Media ID 153: Rescan OK (has_nsfw=0, rating=1)
Rescan Media ID 154: I:/Bilder/00151-3634856184-SDXL_FP16_VXP-XLHyper_v22-Euler a-Automatic-80.png
Media ID 154: Datei nicht gefunden: I:/Bilder/00151-3634856184-SDXL_FP16_VXP-XLHyper_v22-Euler a-Automatic-80.png
Rescan Media ID 155: I:/Bilder/00152-331521185-SDXL_FP16_VXP-XLHyper_v22-Euler a-Automatic-80.png
Media ID 155: Datei nicht gefunden: I:/Bilder/00152-331521185-SDXL_FP16_VXP-XLHyper_v22-Euler a-Automatic-80.png
Rescan Media ID 156: I:/Bilder/00153-1142547124-SDXL_FP16_VXP-XLHyper_v22-Euler a-Automatic-80.png
Media ID 156: Datei nicht gefunden: I:/Bilder/00153-1142547124-SDXL_FP16_VXP-XLHyper_v22-Euler a-Automatic-80.png
Rescan abgeschlossen. total=156, processed=53, skipped=103, errors=0
Rescan fertig: total=156, processed=53, skipped=103, errors=0
