Starte Scan: I:/img2img-images
Verarbeite: I:/img2img-images\00000-1301767583-no clothes.png
Verarbeite: I:/img2img-images\00001-2388513267-no clothes.png
Verarbeite: I:/img2img-images\00002-1380749607-no clothes.png
Verarbeite: I:/img2img-images\00003-1380749608-no clothes.png
Verarbeite: I:/img2img-images\00004-1774804198-no clothes, big tits.png
Verarbeite: I:/img2img-images\00005-1774804199-no clothes, big tits.png
Verarbeite: I:/img2img-images\00006-4181606879-no clothes, big tits,slap ass.png
Verarbeite: I:/img2img-images\00007-4181606880-no clothes, big tits,slap ass.png
Verarbeite: I:/img2img-images\00008-1836025662-no clothes, big tits,slap ass, smile bitch.png
Verarbeite: I:/img2img-images\00009-1836025663-no clothes, big tits,slap ass, smile bitch.png
Verarbeite: I:/img2img-images\00010-2669380487-no clothes,tits,slap ass, smile bitch.png
Verarbeite: I:/img2img-images\00011-2669380488-no clothes,tits,slap ass, smile bitch.png
Verarbeite: I:/img2img-images\00012-2207352109-no clothes,tits,slap ass, smile bitch.png
Verarbeite: I:/img2img-images\00013-2207352110-no clothes,tits,slap ass, smile bitch.png
Verarbeite: I:/img2img-images\00014-2565098994-no clothes,tits,slap ass, smile bitch.png
Verarbeite: I:/img2img-images\00015-2565098995-no clothes,tits,slap ass, smile bitch.png
Verarbeite: I:/img2img-images\00016-2565098996-no clothes,tits,slap ass, smile bitch.png
Verarbeite: I:/img2img-images\00017-2565098997-no clothes,tits,slap ass, smile bitch.png
Verarbeite: I:/img2img-images\00018-359791830-no clothes,tits,slap ass, lust face.png
Verarbeite: I:/img2img-images\00019-359791831-no clothes,tits,slap ass, lust face.png
Verarbeite: I:/img2img-images\00020-359791832-no clothes,tits,slap ass, lust face.png
Verarbeite: I:/img2img-images\00021-359791833-no clothes,tits,slap ass, lust face.png
Verarbeite: I:/img2img-images\00022-2776077910-no clothes,tits,touch ass, shame face,.png
Verarbeite: I:/img2img-images\00023-2776077911-no clothes,tits,touch ass, shame face,.png
Verarbeite: I:/img2img-images\00024-2776077912-no clothes,tits,touch ass, shame face,.png
Verarbeite: I:/img2img-images\00025-2776077913-no clothes,tits,touch ass, shame face,.png
Verarbeite: I:/img2img-images\00026-531016693-no clothes,tits,touch ass, shame face, pink shiny clothes.png
Verarbeite: I:/img2img-images\00027-531016694-no clothes,tits,touch ass, shame face, pink shiny clothes.png
Verarbeite: I:/img2img-images\00028-531016695-no clothes,tits,touch ass, shame face, pink shiny clothes.png
Verarbeite: I:/img2img-images\00029-531016696-no clothes,tits,touch ass, shame face, pink shiny clothes.png
Verarbeite: I:/img2img-images\00030-44421351-no clothes,tits,touch ass, shame face, pink shiny clothes,brown hair, gentle face but horny.png
Verarbeite: I:/img2img-images\00031-44421352-no clothes,tits,touch ass, shame face, pink shiny clothes,brown hair, gentle face but horny.png
Verarbeite: I:/img2img-images\00032-44421353-no clothes,tits,touch ass, shame face, pink shiny clothes,brown hair, gentle face but horny.png
Verarbeite: I:/img2img-images\00033-44421354-no clothes,tits,touch ass, shame face, pink shiny clothes,brown hair, gentle face but horny.png
Verarbeite: I:/img2img-images\00034-3603555760-no clothes,tits,touch ass, shame face, pink shiny clothes,white strained hair, gentle face but horny.png
Verarbeite: I:/img2img-images\00035-3603555761-no clothes,tits,touch ass, shame face, pink shiny clothes,white strained hair, gentle face but horny.png
Verarbeite: I:/img2img-images\00036-3603555762-no clothes,tits,touch ass, shame face, pink shiny clothes,white strained hair, gentle face but horny.png
Verarbeite: I:/img2img-images\00037-3603555763-no clothes,tits,touch ass, shame face, pink shiny clothes,white strained hair, gentle face but horny.png
Verarbeite: I:/img2img-images\00038-2627354251-SDXL_FP16_waiNSFWIllustrious_v120-DPM++ 2M-Karras-20.png
Verarbeite: I:/img2img-images\00039-2513803802-SDXL_FP16_waiNSFWIllustrious_v120-DPM++ 2M-Karras-20.png
Verarbeite: I:/img2img-images\00040-2770205463-SDXL_FP16_waiNSFWIllustrious_v120-DPM++ 2M-Karras-20.png
Verarbeite: I:/img2img-images\00041-430117291-SDXL_FP16_waiNSFWIllustrious_v120-DPM++ 2M-Karras-20.png
Verarbeite: I:/img2img-images\00042-1697541982-SDXL_FP16_waiNSFWIllustrious_v120-DPM++ 2M-Karras-20.png
Verarbeite: I:/img2img-images\00043-1697541982-SDXL_FP16_waiNSFWIllustrious_v120-DPM++ 3M SDE-Exponential-20.png
Verarbeite: I:/img2img-images\00044-1697541982-SDXL_FP16_waiNSFWIllustrious_v120-DPM++ 3M SDE-Exponential-20.png
Verarbeite: I:/img2img-images\00048-1697541982-SDXL_FP16_waiNSFWIllustrious_v120-DPM++ 3M SDE-Exponential-20.png
Verarbeite: I:/img2img-images\00049-1697541982-SDXL_FP16_waiNSFWIllustrious_v120-DPM++ 3M SDE-Exponential-20.png
Verarbeite: I:/img2img-images\00050-1697541982-SDXL_FP16_waiNSFWIllustrious_v120-DPM++ 3M SDE-Exponential-20.png
Verarbeite: I:/img2img-images\00051-1697541982-SDXL_FP16_waiNSFWIllustrious_v120-DPM++ 3M SDE-Exponential-20.png
Verarbeite: I:/img2img-images\00052-1697541982-SDXL_FP16_waiNSFWIllustrious_v120-DPM++ 3M SDE-Exponential-20.png
Verarbeite: I:/img2img-images\00053-1697541982-SDXL_FP16_waiNSFWIllustrious_v120-DPM++ 3M SDE-Exponential-20.png
Verarbeite: I:/img2img-images\00054-1138918680-SDXL_FP16_waiNSFWIllustrious_v120-DPM++ 3M SDE-Exponential-20.png
Verarbeite: I:/img2img-images\00055-1471821232-SDXL_FP16_waiNSFWIllustrious_v120-DPM++ 3M SDE-Exponential-20.png
Verarbeite: I:/img2img-images\00056-3487939377-SDXL_FP16_waiNSFWIllustrious_v120-DPM++ 3M SDE-Exponential-20.png
Verarbeite: I:/img2img-images\00057-1811360099-SDXL_FP16_waiNSFWIllustrious_v120-DPM++ 3M SDE-Exponential-20.png
Verarbeite: I:/img2img-images\00058-1811360100-SDXL_FP16_waiNSFWIllustrious_v120-DPM++ 3M SDE-Exponential-20.png
Verarbeite: I:/img2img-images\00059-1811360101-SDXL_FP16_waiNSFWIllustrious_v120-DPM++ 3M SDE-Exponential-20.png
Verarbeite: I:/img2img-images\00060-1811360102-SDXL_FP16_waiNSFWIllustrious_v120-DPM++ 3M SDE-Exponential-20.png
Verarbeite: I:/img2img-images\00061-2118072619-SDXL_FP16_waiNSFWIllustrious_v120-DPM++ 3M SDE-Exponential-20.png
Verarbeite: I:/img2img-images\00062-2118072620-SDXL_FP16_waiNSFWIllustrious_v120-DPM++ 3M SDE-Exponential-20.png
Verarbeite: I:/img2img-images\00063-2118072621-SDXL_FP16_waiNSFWIllustrious_v120-DPM++ 3M SDE-Exponential-20.png
Verarbeite: I:/img2img-images\00064-2118072622-SDXL_FP16_waiNSFWIllustrious_v120-DPM++ 3M SDE-Exponential-20.png
Verarbeite: I:/img2img-images\00065-944768471-SDXL_FP16_waiNSFWIllustrious_v120-DPM++ 3M SDE-Exponential-20.png
Verarbeite: I:/img2img-images\00066-944768472-SDXL_FP16_waiNSFWIllustrious_v120-DPM++ 3M SDE-Exponential-20.png
Verarbeite: I:/img2img-images\00067-944768473-SDXL_FP16_waiNSFWIllustrious_v120-DPM++ 3M SDE-Exponential-20.png
Verarbeite: I:/img2img-images\00068-944768474-SDXL_FP16_waiNSFWIllustrious_v120-DPM++ 3M SDE-Exponential-20.png
Verarbeite: I:/img2img-images\00069-1274472607-SDXL_FP16_waiNSFWIllustrious_v120-DPM++ 3M SDE-Exponential-20.png
Verarbeite: I:/img2img-images\00070-1274472608-SDXL_FP16_waiNSFWIllustrious_v120-DPM++ 3M SDE-Exponential-20.png
Verarbeite: I:/img2img-images\00071-1274472609-SDXL_FP16_waiNSFWIllustrious_v120-DPM++ 3M SDE-Exponential-20.png
Verarbeite: I:/img2img-images\00072-1274472610-SDXL_FP16_waiNSFWIllustrious_v120-DPM++ 3M SDE-Exponential-20.png
Verarbeite: I:/img2img-images\00073-292704122-SDXL_FP16_waiNSFWIllustrious_v120-DPM++ 3M SDE-Exponential-20.png
Verarbeite: I:/img2img-images\00074-292704123-SDXL_FP16_waiNSFWIllustrious_v120-DPM++ 3M SDE-Exponential-20.png
Verarbeite: I:/img2img-images\00075-292704124-SDXL_FP16_waiNSFWIllustrious_v120-DPM++ 3M SDE-Exponential-20.png
Verarbeite: I:/img2img-images\00076-292704125-SDXL_FP16_waiNSFWIllustrious_v120-DPM++ 3M SDE-Exponential-20.png
Verarbeite: I:/img2img-images\00077-1182102736-SDXL_FP16_waiNSFWIllustrious_v120-DPM++ 3M SDE-Exponential-20.png
Verarbeite: I:/img2img-images\00079-3947788615-SDXL_FP16_waiNSFWIllustrious_v120-DPM++ 3M SDE-Exponential-20.png
Verarbeite: I:/img2img-images\00080-3947788616-SDXL_FP16_waiNSFWIllustrious_v120-DPM++ 3M SDE-Exponential-20.png
Verarbeite: I:/img2img-images\00083-4178984925-SDXL_FP16_VXP-XLHyper_v22-DPM++ 2M-Karras-20.jpg
Verarbeite: I:/img2img-images\00086-4087952808-SDXL_FP16_VXP-XLHyper_v22-DPM++ 2M-Karras-20.png
Verarbeite: I:/img2img-images\00087-1904837928-SDXL_FP16_VXP-XLHyper_v22-DPM++ 2M-Karras-20.png
Verarbeite: I:/img2img-images\00088-921896931-SDXL_FP16_VXP-XLHyper_v22-DPM++ 2M-Karras-20.png
Verarbeite: I:/img2img-images\00089-358114399-SDXL_FP16_VXP-XLHyper_v22-DPM++ 2M-Karras-20.png
Verarbeite: I:/img2img-images\00090-515715758-SDXL_FP16_VXP-XLHyper_v22-DPM++ 2M-Karras-20.png
Verarbeite: I:/img2img-images\00091-1225182293-SDXL_FP16_VXP-XLHyper_v22-DPM++ 2M-Karras-59.png
Verarbeite: I:/img2img-images\00092-2914118513-SDXL_FP16_VXP-XLHyper_v22-DPM++ 2M-Karras-59.png
Verarbeite: I:/img2img-images\00093-2686494690-SDXL_FP16_VXP-XLHyper_v22-DPM++ 2M-Karras-59.png
Verarbeite: I:/img2img-images\00097-1318479566-SDXL_FP16_VXP-XLHyper_v22-DPM++ 2M-Karras-59.png
Verarbeite: I:/img2img-images\00098-3947643792-SDXL_FP16_VXP-XLHyper_v22-DPM++ 2M-Karras-59.png
Verarbeite: I:/img2img-images\00099-141515752-SDXL_FP16_VXP-XLHyper_v22-DPM++ 2M-Karras-59.png
Verarbeite: I:/img2img-images\00100-51632350-SDXL_FP16_VXP-XLHyper_v22-DPM++ 2M-Karras-59.png
Verarbeite: I:/img2img-images\00101-1616427386-SDXL_FP16_VXP-XLHyper_v22-DPM++ 2M-Karras-59.png
Verarbeite: I:/img2img-images\00131-178829640-SDXL_FP16_VXP-XLHyper_v22-Euler a-Automatic-64.png
Verarbeite: I:/img2img-images\00132-1876689988-SDXL_FP16_VXP-XLHyper_v22-Euler a-Automatic-64.png
Verarbeite: I:/img2img-images\00133-885289680-SDXL_FP16_VXP-XLHyper_v22-Euler a-Automatic-64.png
Verarbeite: I:/img2img-images\00134-1442446387-SDXL_FP16_VXP-XLHyper_v22-Euler a-Automatic-64.png
Verarbeite: I:/img2img-images\00136-3869579683-SDXL_FP16_VXP-XLHyper_v22-Euler a-Automatic-64.png
Verarbeite: I:/img2img-images\00137-2247882656-SDXL_FP16_VXP-XLHyper_v22-Euler a-Automatic-64.png
Verarbeite: I:/img2img-images\00147-303247866-SDXL_FP16_VXP-XLHyper_v22-Euler a-Automatic-80.png
Verarbeite: I:/img2img-images\00149-2304209252-SDXL_FP16_VXP-XLHyper_v22-Euler a-Automatic-80.png
Verarbeite: I:/img2img-images\00151-3634856184-SDXL_FP16_VXP-XLHyper_v22-Euler a-Automatic-80.png
Verarbeite: I:/img2img-images\00152-331521185-SDXL_FP16_VXP-XLHyper_v22-Euler a-Automatic-80.png
Verarbeite: I:/img2img-images\00153-1142547124-SDXL_FP16_VXP-XLHyper_v22-Euler a-Automatic-80.png
Verarbeite: I:/img2img-images\image.jpg
Verarbeite: I:/img2img-images\image.png
Scan abgeschlossen. processed=104, skipped=0, errors=0
Fertig: processed=104, skipped=0, errors=0
